# JRE version: Java(TM) SE Runtime Environment (8.0_25-b18) (build 1.8.0_25-b18)
# Java VM: Java HotSpot(TM) 64-Bit Server VM (25.25-b02 mixed mode windows-amd64 compressed oops)
Heap:
 PSYoungGen      total 409600K, used 113996K [0x00000000d5700000, 0x0000000100000000, 0x0000000100000000)
  eden space 243712K, 24% used [0x00000000d5700000,0x00000000d90c5068,0x00000000e4500000)
  from space 165888K, 33% used [0x00000000e4500000,0x00000000e7a8e2b0,0x00000000ee700000)
  to   space 232448K, 0% used [0x00000000f1d00000,0x00000000f1d00000,0x0000000100000000)
 ParOldGen       total 785408K, used 512014K [0x0000000080400000, 0x00000000b0300000, 0x00000000d5700000)
  object space 785408K, 65% used [0x0000000080400000,0x000000009f803a80,0x00000000b0300000)
 Metaspace       used 17260K, capacity 17694K, committed 17792K, reserved 1064960K
  class space    used 2003K, capacity 2126K, committed 2176K, reserved 1048576K
GC Heap History (10 events):
Event: 2.632 GC heap before
{Heap before GC invocations=19 (full 4):
 PSYoungGen      total 523264K, used 405721K [0x00000000d5700000, 0x0000000100000000, 0x0000000100000000)
  eden space 337920K, 99% used [0x00000000d5700000,0x00000000ea078280,0x00000000ea100000)
  from space 185344K, 36% used [0x00000000f4b00000,0x00000000f8dbe330,0x0000000100000000)
  to   space 174080K, 0% used [0x00000000ea100000,0x00000000ea100000,0x00000000f4b00000)
 ParOldGen       total 649216K, used 537383K [0x0000000080400000, 0x00000000a7e00000, 0x00000000d5700000)
  object space 649216K, 82% used [0x0000000080400000,0x00000000a10c9d40,0x00000000a7e00000)
 Metaspace       used 16676K, capacity 17058K, committed 17152K, reserved 1064960K
  class space    used 1943K, capacity 2026K, committed 2048K, reserved 1048576K
Event: 2.666 GC heap after
Heap after GC invocations=19 (full 4):
 PSYoungGen      total 504832K, used 166573K [0x00000000d5700000, 0x0000000100000000, 0x0000000100000000)
  eden space 337920K, 0% used [0x00000000d5700000,0x00000000d5700000,0x00000000ea100000)
  from space 166912K, 99% used [0x00000000ea100000,0x00000000f43ab4d0,0x00000000f4400000)
  to   space 192512K, 0% used [0x00000000f4400000,0x00000000f4400000,0x0000000100000000)
 ParOldGen       total 649216K, used 604416K [0x0000000080400000, 0x00000000a7e00000, 0x00000000d5700000)
  object space 649216K, 93% used [0x0000000080400000,0x00000000a5240120,0x00000000a7e00000)
 Metaspace       used 16676K, capacity 17058K, committed 17152K, reserved 1064960K
  class space    used 1943K, capacity 2026K, committed 2048K, reserved 1048576K
}
Event: 2.666 GC heap before
{Heap before GC invocations=20 (full 5):
 PSYoungGen      total 504832K, used 166573K [0x00000000d5700000, 0x0000000100000000, 0x0000000100000000)
  eden space 337920K, 0% used [0x00000000d5700000,0x00000000d5700000,0x00000000ea100000)
  from space 166912K, 99% used [0x00000000ea100000,0x00000000f43ab4d0,0x00000000f4400000)
  to   space 192512K, 0% used [0x00000000f4400000,0x00000000f4400000,0x0000000100000000)
 ParOldGen       total 649216K, used 604416K [0x0000000080400000, 0x00000000a7e00000, 0x00000000d5700000)
  object space 649216K, 93% used [0x0000000080400000,0x00000000a5240120,0x00000000a7e00000)
 Metaspace       used 16676K, capacity 17058K, committed 17152K, reserved 1064960K
  class space    used 1943K, capacity 2026K, committed 2048K, reserved 1048576K
Event: 2.724 GC heap after
Heap after GC invocations=20 (full 5):
 PSYoungGen      total 504832K, used 0K [0x00000000d5700000, 0x0000000100000000, 0x0000000100000000)
  eden space 337920K, 0% used [0x00000000d5700000,0x00000000d5700000,0x00000000ea100000)
  from space 166912K, 0% used [0x00000000ea100000,0x00000000ea100000,0x00000000f4400000)
  to   space 192512K, 0% used [0x00000000f4400000,0x00000000f4400000,0x0000000100000000)
 ParOldGen       total 523776K, used 304748K [0x0000000080400000, 0x00000000a0380000, 0x00000000d5700000)
  object space 523776K, 58% used [0x0000000080400000,0x0000000092d9b380,0x00000000a0380000)
 Metaspace       used 16676K, capacity 17058K, committed 17152K, reserved 1064960K
  class space    used 1943K, capacity 2026K, committed 2048K, reserved 1048576K
}
Event: 2.987 GC heap before
{Heap before GC invocations=21 (full 5):
 PSYoungGen      total 504832K, used 327727K [0x00000000d5700000, 0x0000000100000000, 0x0000000100000000)
  eden space 337920K, 96% used [0x00000000d5700000,0x00000000e970be90,0x00000000ea100000)
  from space 166912K, 0% used [0x00000000ea100000,0x00000000ea100000,0x00000000f4400000)
  to   space 192512K, 0% used [0x00000000f4400000,0x00000000f4400000,0x0000000100000000)
 ParOldGen       total 523776K, used 304748K [0x0000000080400000, 0x00000000a0380000, 0x00000000d5700000)
  object space 523776K, 58% used [0x0000000080400000,0x0000000092d9b380,0x00000000a0380000)
 Metaspace       used 17265K, capacity 17746K, committed 17792K, reserved 1064960K
  class space    used 2010K, capacity 2136K, committed 2176K, reserved 1048576K
Event: 3.018 GC heap after
Heap after GC invocations=21 (full 5):
 PSYoungGen      total 436224K, used 181646K [0x00000000d5700000, 0x0000000100000000, 0x0000000100000000)
  eden space 243712K, 0% used [0x00000000d5700000,0x00000000d5700000,0x00000000e4500000)
  from space 192512K, 94% used [0x00000000f4400000,0x00000000ff5638d0,0x0000000100000000)
  to   space 226816K, 0% used [0x00000000e4500000,0x00000000e4500000,0x00000000f2280000)
 ParOldGen       total 523776K, used 358338K [0x0000000080400000, 0x00000000a0380000, 0x00000000d5700000)
  object space 523776K, 68% used [0x0000000080400000,0x00000000961f09c0,0x00000000a0380000)
 Metaspace       used 17265K, capacity 17746K, committed 17792K, reserved 1064960K
  class space    used 2010K, capacity 2136K, committed 2176K, reserved 1048576K
}
Event: 3.065 GC heap before
{Heap before GC invocations=22 (full 5):
 PSYoungGen      total 436224K, used 414880K [0x00000000d5700000, 0x0000000100000000, 0x0000000100000000)
  eden space 243712K, 95% used [0x00000000d5700000,0x00000000e3ac4980,0x00000000e4500000)
  from space 192512K, 94% used [0x00000000f4400000,0x00000000ff5638d0,0x0000000100000000)
  to   space 226816K, 0% used [0x00000000e4500000,0x00000000e4500000,0x00000000f2280000)
 ParOldGen       total 523776K, used 358338K [0x0000000080400000, 0x00000000a0380000, 0x00000000d5700000)
  object space 523776K, 68% used [0x0000000080400000,0x00000000961f09c0,0x00000000a0380000)
 Metaspace       used 17275K, capacity 17746K, committed 17792K, reserved 1064960K
  class space    used 2010K, capacity 2136K, committed 2176K, reserved 1048576K
Event: 3.106 GC heap after
Heap after GC invocations=22 (full 5):
 PSYoungGen      total 409600K, used 165751K [0x00000000d5700000, 0x0000000100000000, 0x0000000100000000)
  eden space 243712K, 0% used [0x00000000d5700000,0x00000000d5700000,0x00000000e4500000)
  from space 165888K, 99% used [0x00000000e4500000,0x00000000ee6dde38,0x00000000ee700000)
  to   space 232448K, 0% used [0x00000000f1d00000,0x00000000f1d00000,0x0000000100000000)
 ParOldGen       total 523776K, used 511490K [0x0000000080400000, 0x00000000a0380000, 0x00000000d5700000)
  object space 523776K, 97% used [0x0000000080400000,0x000000009f780a08,0x00000000a0380000)
 Metaspace       used 17275K, capacity 17746K, committed 17792K, reserved 1064960K
  class space    used 2010K, capacity 2136K, committed 2176K, reserved 1048576K
}
Event: 3.106 GC heap before
{Heap before GC invocations=23 (full 6):
 PSYoungGen      total 409600K, used 165751K [0x00000000d5700000, 0x0000000100000000, 0x0000000100000000)
  eden space 243712K, 0% used [0x00000000d5700000,0x00000000d5700000,0x00000000e4500000)
  from space 165888K, 99% used [0x00000000e4500000,0x00000000ee6dde38,0x00000000ee700000)
  to   space 232448K, 0% used [0x00000000f1d00000,0x00000000f1d00000,0x0000000100000000)
 ParOldGen       total 523776K, used 511490K [0x0000000080400000, 0x00000000a0380000, 0x00000000d5700000)
  object space 523776K, 97% used [0x0000000080400000,0x000000009f780a08,0x00000000a0380000)
 Metaspace       used 17275K, capacity 17746K, committed 17792K, reserved 1064960K
  class space    used 2010K, capacity 2136K, committed 2176K, reserved 1048576K
Event: 3.253 GC heap after
Heap after GC invocations=23 (full 6):
 PSYoungGen      total 409600K, used 54840K [0x00000000d5700000, 0x0000000100000000, 0x0000000100000000)
  eden space 243712K, 0% used [0x00000000d5700000,0x00000000d5700000,0x00000000e4500000)
  from space 165888K, 33% used [0x00000000e4500000,0x00000000e7a8e2b0,0x00000000ee700000)
  to   space 232448K, 0% used [0x00000000f1d00000,0x00000000f1d00000,0x0000000100000000)
 ParOldGen       total 785408K, used 512014K [0x0000000080400000, 0x00000000b0300000, 0x00000000d5700000)
  object space 785408K, 65% used [0x0000000080400000,0x000000009f803a80,0x00000000b0300000)
 Metaspace       used 17257K, capacity 17694K, committed 17792K, reserved 1064960K
  class space    used 2003K, capacity 2126K, committed 2176K, reserved 1048576K
}

