java.lang.RuntimeException: java.lang.RuntimeException: java.util.concurrent.ExecutionException: java.lang.AssertionError
	at com.simiacryptus.util.lang.TimedResult.time(TimedResult.java:61)
	at com.simiacryptus.util.io.MarkdownNotebookOutput.lambda$code$2(MarkdownNotebookOutput.java:136)
	at com.simiacryptus.util.test.SysOutInterceptor.withOutput(SysOutInterceptor.java:82)
	at com.simiacryptus.util.io.MarkdownNotebookOutput.code(MarkdownNotebookOutput.java:134)
	at com.simiacryptus.util.io.NotebookOutput.code(NotebookOutput.java:156)
	at com.simiacryptus.mindseye.layers.LayerTestBase.test(LayerTestBase.java:139)
	at com.simiacryptus.mindseye.layers.LayerTestBase.test(LayerTestBase.java:69)
	at sun.reflect.NativeMethodAccessorImpl.invoke0(Native Method)
	at sun.reflect.NativeMethodAccessorImpl.invoke(NativeMethodAccessorImpl.java:62)
	at sun.reflect.DelegatingMethodAccessorImpl.invoke(DelegatingMethodAccessorImpl.java:43)
	at java.lang.reflect.Method.invoke(Method.java:498)
	at org.junit.runners.model.FrameworkMethod$1.runReflectiveCall(FrameworkMethod.java:50)
	at org.junit.internal.runners.model.ReflectiveCallable.run(ReflectiveCallable.java:12)
	at org.junit.runners.model.FrameworkMethod.invokeExplosively(FrameworkMethod.java:47)
	at org.junit.internal.runners.statements.InvokeMethod.evaluate(InvokeMethod.java:17)
	at org.junit.runners.ParentRunner.runLeaf(ParentRunner.java:325)
	at org.junit.runners.BlockJUnit4ClassRunner.runChild(BlockJUnit4ClassRunner.java:78)
	at org.junit.runners.BlockJUnit4ClassRunner.runChild(BlockJUnit4ClassRunner.java:57)
	at org.junit.runners.ParentRunner$3.run(ParentRunner.java:290)
	at org.junit.runners.ParentRunner$1.schedule(ParentRunner.java:71)
	at org.junit.runners.ParentRunner.runChildren(ParentRunner.java:288)
	at org.junit.runners.ParentRunner.access$000(ParentRunner.java:58)
	at org.junit.runners.ParentRunner$2.evaluate(ParentRunner.java:268)
	at org.junit.runners.ParentRunner.run(ParentRunner.java:363)
	at org.junit.runners.Suite.runChild(Suite.java:128)
	at org.junit.runners.Suite.runChild(Suite.java:27)
	at org.junit.runners.ParentRunner$3.run(ParentRunner.java:290)
	at org.junit.runners.ParentRunner$1.schedule(ParentRunner.java:71)
	at org.junit.runners.ParentRunner.runChildren(ParentRunner.java:288)
	at org.junit.runners.ParentRunner.access$000(ParentRunner.java:58)
	at org.junit.runners.ParentRunner$2.evaluate(ParentRunner.java:268)
	at org.junit.runners.ParentRunner.run(ParentRunner.java:363)
	at org.junit.runner.JUnitCore.run(JUnitCore.java:137)
	at com.intellij.junit4.JUnit4IdeaTestRunner.startRunnerWithArgs(JUnit4IdeaTestRunner.java:68)
	at com.intellij.rt.execution.junit.IdeaTestRunner$Repeater.startRunnerWithArgs(IdeaTestRunner.java:47)
	at com.intellij.rt.execution.junit.JUnitStarter.prepareStreamsAndStart(JUnitStarter.java:242)
	at com.intellij.rt.execution.junit.JUnitStarter.main(JUnitStarter.java:70)
Caused by: java.lang.RuntimeException: java.util.concurrent.ExecutionException: java.lang.AssertionError
	at com.simiacryptus.mindseye.layers.cudnn.GpuController.lambda$run$8(GpuController.java:215)
	at com.simiacryptus.util.lang.StaticResourcePool.apply(StaticResourcePool.java:88)
	at com.simiacryptus.mindseye.layers.cudnn.GpuController.run(GpuController.java:211)
	at com.simiacryptus.mindseye.layers.DerivativeTester.testUnFrozen(DerivativeTester.java:125)
	at com.simiacryptus.mindseye.layers.DerivativeTester.test(DerivativeTester.java:92)
	at com.simiacryptus.mindseye.layers.LayerTestBase.lambda$test$15(LayerTestBase.java:140)
	at com.simiacryptus.util.io.NotebookOutput.lambda$code$1(NotebookOutput.java:157)
	at com.simiacryptus.util.io.MarkdownNotebookOutput.lambda$null$1(MarkdownNotebookOutput.java:136)
	at com.simiacryptus.util.lang.TimedResult.time(TimedResult.java:59)
	... 36 more
Caused by: java.util.concurrent.ExecutionException: java.lang.AssertionError
	at java.util.concurrent.FutureTask.report(FutureTask.java:122)
	at java.util.concurrent.FutureTask.get(FutureTask.java:192)
	at com.simiacryptus.mindseye.layers.cudnn.GpuController.lambda$run$8(GpuController.java:213)
	... 44 more
Caused by: java.lang.AssertionError
	at com.simiacryptus.mindseye.layers.cudnn.CudaPtr.toDeviceAsFloat(CudaPtr.java:192)
	at com.simiacryptus.mindseye.layers.cudnn.f32.ImgConcatLayer$1.accumulate(ImgConcatLayer.java:117)
	at com.simiacryptus.mindseye.layers.DerivativeTester.lambda$testUnFrozen$17(DerivativeTester.java:138)
	at com.simiacryptus.mindseye.layers.cudnn.GpuController.lambda$null$7(GpuController.java:213)
	at java.util.concurrent.Executors$RunnableAdapter.call(Executors.java:511)
	at java.util.concurrent.FutureTask.run(FutureTask.java:266)
	at java.util.concurrent.ThreadPoolExecutor.runWorker(ThreadPoolExecutor.java:1149)
	at java.util.concurrent.ThreadPoolExecutor$Worker.run(ThreadPoolExecutor.java:624)
	at java.lang.Thread.run(Thread.java:748)
