java.lang.RuntimeException: com.simiacryptus.mindseye.lang.GpuError: java.util.concurrent.ExecutionException: com.simiacryptus.mindseye.lang.GpuError: Failed executing 1 items
	at com.simiacryptus.util.lang.TimedResult.time(TimedResult.java:61)
	at com.simiacryptus.util.io.MarkdownNotebookOutput.lambda$code$2(MarkdownNotebookOutput.java:136)
	at com.simiacryptus.util.test.SysOutInterceptor.withOutput(SysOutInterceptor.java:82)
	at com.simiacryptus.util.io.MarkdownNotebookOutput.code(MarkdownNotebookOutput.java:134)
	at com.simiacryptus.util.io.NotebookOutput.code(NotebookOutput.java:156)
	at com.simiacryptus.mindseye.layers.LayerTestBase.test(LayerTestBase.java:139)
	at com.simiacryptus.mindseye.layers.LayerTestBase.test(LayerTestBase.java:69)
	at sun.reflect.GeneratedMethodAccessor1.invoke(Unknown Source)
	at sun.reflect.DelegatingMethodAccessorImpl.invoke(DelegatingMethodAccessorImpl.java:43)
	at java.lang.reflect.Method.invoke(Method.java:498)
	at org.junit.runners.model.FrameworkMethod$1.runReflectiveCall(FrameworkMethod.java:50)
	at org.junit.internal.runners.model.ReflectiveCallable.run(ReflectiveCallable.java:12)
	at org.junit.runners.model.FrameworkMethod.invokeExplosively(FrameworkMethod.java:47)
	at org.junit.internal.runners.statements.InvokeMethod.evaluate(InvokeMethod.java:17)
	at org.junit.runners.ParentRunner.runLeaf(ParentRunner.java:325)
	at org.junit.runners.BlockJUnit4ClassRunner.runChild(BlockJUnit4ClassRunner.java:78)
	at org.junit.runners.BlockJUnit4ClassRunner.runChild(BlockJUnit4ClassRunner.java:57)
	at org.junit.runners.ParentRunner$3.run(ParentRunner.java:290)
	at org.junit.runners.ParentRunner$1.schedule(ParentRunner.java:71)
	at org.junit.runners.ParentRunner.runChildren(ParentRunner.java:288)
	at org.junit.runners.ParentRunner.access$000(ParentRunner.java:58)
	at org.junit.runners.ParentRunner$2.evaluate(ParentRunner.java:268)
	at org.junit.runners.ParentRunner.run(ParentRunner.java:363)
	at org.junit.runners.Suite.runChild(Suite.java:128)
	at org.junit.runners.Suite.runChild(Suite.java:27)
	at org.junit.runners.ParentRunner$3.run(ParentRunner.java:290)
	at org.junit.runners.ParentRunner$1.schedule(ParentRunner.java:71)
	at org.junit.runners.ParentRunner.runChildren(ParentRunner.java:288)
	at org.junit.runners.ParentRunner.access$000(ParentRunner.java:58)
	at org.junit.runners.ParentRunner$2.evaluate(ParentRunner.java:268)
	at org.junit.runners.ParentRunner.run(ParentRunner.java:363)
	at org.junit.runner.JUnitCore.run(JUnitCore.java:137)
	at com.intellij.junit4.JUnit4IdeaTestRunner.startRunnerWithArgs(JUnit4IdeaTestRunner.java:68)
	at com.intellij.rt.execution.junit.IdeaTestRunner$Repeater.startRunnerWithArgs(IdeaTestRunner.java:47)
	at com.intellij.rt.execution.junit.JUnitStarter.prepareStreamsAndStart(JUnitStarter.java:242)
	at com.intellij.rt.execution.junit.JUnitStarter.main(JUnitStarter.java:70)
Caused by: com.simiacryptus.mindseye.lang.GpuError: java.util.concurrent.ExecutionException: com.simiacryptus.mindseye.lang.GpuError: Failed executing 1 items
	at com.simiacryptus.mindseye.layers.cudnn.GpuController.lambda$distribute$2(GpuController.java:132)
	at java.util.stream.ReferencePipeline$3$1.accept(ReferencePipeline.java:193)
	at java.util.ArrayList$ArrayListSpliterator.forEachRemaining(ArrayList.java:1374)
	at java.util.stream.AbstractPipeline.copyInto(AbstractPipeline.java:481)
	at java.util.stream.AbstractPipeline.wrapAndCopyInto(AbstractPipeline.java:471)
	at java.util.stream.ReduceOps$ReduceOp.evaluateSequential(ReduceOps.java:708)
	at java.util.stream.AbstractPipeline.evaluate(AbstractPipeline.java:234)
	at java.util.stream.ReferencePipeline.reduce(ReferencePipeline.java:479)
	at com.simiacryptus.mindseye.layers.cudnn.GpuController.distribute(GpuController.java:134)
	at com.simiacryptus.mindseye.layers.DerivativeTester.getFeedbackGradient(DerivativeTester.java:174)
	at com.simiacryptus.mindseye.layers.DerivativeTester.testFeedback(DerivativeTester.java:267)
	at com.simiacryptus.mindseye.layers.DerivativeTester.lambda$test$0(DerivativeTester.java:75)
	at java.util.stream.IntPipeline$4$1.accept(IntPipeline.java:250)
	at java.util.stream.Streams$RangeIntSpliterator.forEachRemaining(Streams.java:110)
	at java.util.Spliterator$OfInt.forEachRemaining(Spliterator.java:693)
	at java.util.stream.AbstractPipeline.copyInto(AbstractPipeline.java:481)
	at java.util.stream.AbstractPipeline.wrapAndCopyInto(AbstractPipeline.java:471)
	at java.util.stream.ReduceOps$ReduceOp.evaluateSequential(ReduceOps.java:708)
	at java.util.stream.AbstractPipeline.evaluate(AbstractPipeline.java:234)
	at java.util.stream.ReferencePipeline.reduce(ReferencePipeline.java:479)
	at com.simiacryptus.mindseye.layers.DerivativeTester.test(DerivativeTester.java:76)
	at com.simiacryptus.mindseye.layers.LayerTestBase.lambda$test$15(LayerTestBase.java:140)
	at com.simiacryptus.util.io.NotebookOutput.lambda$code$1(NotebookOutput.java:157)
	at com.simiacryptus.util.io.MarkdownNotebookOutput.lambda$null$1(MarkdownNotebookOutput.java:136)
	at com.simiacryptus.util.lang.TimedResult.time(TimedResult.java:59)
	... 35 more
Caused by: java.util.concurrent.ExecutionException: com.simiacryptus.mindseye.lang.GpuError: Failed executing 1 items
	at java.util.concurrent.FutureTask.report(FutureTask.java:122)
	at java.util.concurrent.FutureTask.get(FutureTask.java:192)
	at com.simiacryptus.mindseye.layers.cudnn.GpuController.lambda$distribute$2(GpuController.java:126)
	... 59 more
Caused by: com.simiacryptus.mindseye.lang.GpuError: Failed executing 1 items
	at com.simiacryptus.mindseye.layers.cudnn.GpuController.evaluate(GpuController.java:166)
	at com.simiacryptus.mindseye.layers.cudnn.GpuController.lambda$distribute$1(GpuController.java:114)
	at java.util.concurrent.FutureTask.run(FutureTask.java:266)
	at java.util.concurrent.ThreadPoolExecutor.runWorker(ThreadPoolExecutor.java:1149)
	at java.util.concurrent.ThreadPoolExecutor$Worker.run(ThreadPoolExecutor.java:624)
	at java.lang.Thread.run(Thread.java:748)
Caused by: java.lang.AssertionError
	at com.simiacryptus.mindseye.lang.DoubleBufferSet.get(DoubleBufferSet.java:78)
	at com.simiacryptus.mindseye.layers.DerivativeTester.lambda$getFeedbackGradient$15(DerivativeTester.java:180)
	at com.simiacryptus.mindseye.layers.cudnn.GpuController.lambda$evaluate$3(GpuController.java:153)
	at java.util.stream.ReferencePipeline$3$1.accept(ReferencePipeline.java:193)
	at java.util.Spliterators$ArraySpliterator.forEachRemaining(Spliterators.java:948)
	at java.util.stream.AbstractPipeline.copyInto(AbstractPipeline.java:481)
	at java.util.stream.AbstractPipeline.wrapAndCopyInto(AbstractPipeline.java:471)
	at java.util.stream.ReduceOps$ReduceOp.evaluateSequential(ReduceOps.java:708)
	at java.util.stream.AbstractPipeline.evaluate(AbstractPipeline.java:234)
	at java.util.stream.ReferencePipeline.reduce(ReferencePipeline.java:479)
	at com.simiacryptus.mindseye.layers.cudnn.GpuController.evaluate(GpuController.java:153)
	... 5 more
