java.lang.RuntimeException: java.lang.ArrayIndexOutOfBoundsException: 0
	at com.simiacryptus.util.lang.TimedResult.time(TimedResult.java:61)
	at com.simiacryptus.util.io.MarkdownNotebookOutput.lambda$code$2(MarkdownNotebookOutput.java:136)
	at com.simiacryptus.util.test.SysOutInterceptor.withOutput(SysOutInterceptor.java:77)
	at com.simiacryptus.util.io.MarkdownNotebookOutput.code(MarkdownNotebookOutput.java:134)
	at com.simiacryptus.util.io.NotebookOutput.code(NotebookOutput.java:141)
	at com.simiacryptus.mindseye.layers.LayerTestBase.test(LayerTestBase.java:83)
	at com.simiacryptus.mindseye.layers.LayerTestBase.test(LayerTestBase.java:59)
	at sun.reflect.NativeMethodAccessorImpl.invoke0(Native Method)
	at sun.reflect.NativeMethodAccessorImpl.invoke(NativeMethodAccessorImpl.java:62)
	at sun.reflect.DelegatingMethodAccessorImpl.invoke(DelegatingMethodAccessorImpl.java:43)
	at java.lang.reflect.Method.invoke(Method.java:498)
	at org.junit.runners.model.FrameworkMethod$1.runReflectiveCall(FrameworkMethod.java:50)
	at org.junit.internal.runners.model.ReflectiveCallable.run(ReflectiveCallable.java:12)
	at org.junit.runners.model.FrameworkMethod.invokeExplosively(FrameworkMethod.java:47)
	at org.junit.internal.runners.statements.InvokeMethod.evaluate(InvokeMethod.java:17)
	at org.junit.runners.ParentRunner.runLeaf(ParentRunner.java:325)
	at org.junit.runners.BlockJUnit4ClassRunner.runChild(BlockJUnit4ClassRunner.java:78)
	at org.junit.runners.BlockJUnit4ClassRunner.runChild(BlockJUnit4ClassRunner.java:57)
	at org.junit.runners.ParentRunner$3.run(ParentRunner.java:290)
	at org.junit.runners.ParentRunner$1.schedule(ParentRunner.java:71)
	at org.junit.runners.ParentRunner.runChildren(ParentRunner.java:288)
	at org.junit.runners.ParentRunner.access$000(ParentRunner.java:58)
	at org.junit.runners.ParentRunner$2.evaluate(ParentRunner.java:268)
	at org.junit.runners.ParentRunner.run(ParentRunner.java:363)
	at org.junit.runners.Suite.runChild(Suite.java:128)
	at org.junit.runners.Suite.runChild(Suite.java:27)
	at org.junit.runners.ParentRunner$3.run(ParentRunner.java:290)
	at org.junit.runners.ParentRunner$1.schedule(ParentRunner.java:71)
	at org.junit.runners.ParentRunner.runChildren(ParentRunner.java:288)
	at org.junit.runners.ParentRunner.access$000(ParentRunner.java:58)
	at org.junit.runners.ParentRunner$2.evaluate(ParentRunner.java:268)
	at org.junit.runners.ParentRunner.run(ParentRunner.java:363)
	at org.junit.runner.JUnitCore.run(JUnitCore.java:137)
	at com.intellij.junit4.JUnit4IdeaTestRunner.startRunnerWithArgs(JUnit4IdeaTestRunner.java:68)
	at com.intellij.rt.execution.junit.IdeaTestRunner$Repeater.startRunnerWithArgs(IdeaTestRunner.java:47)
	at com.intellij.rt.execution.junit.JUnitStarter.prepareStreamsAndStart(JUnitStarter.java:242)
	at com.intellij.rt.execution.junit.JUnitStarter.main(JUnitStarter.java:70)
Caused by: java.lang.ArrayIndexOutOfBoundsException: 0
	at java.util.Arrays$ArrayList.get(Arrays.java:3841)
	at com.simiacryptus.mindseye.layers.DerivativeTester.measureLearningGradient(DerivativeTester.java:181)
	at com.simiacryptus.mindseye.layers.DerivativeTester.testLearning(DerivativeTester.java:239)
	at com.simiacryptus.mindseye.layers.DerivativeTester.lambda$test$2(DerivativeTester.java:74)
	at java.util.stream.IntPipeline$4$1.accept(IntPipeline.java:250)
	at java.util.stream.Streams$RangeIntSpliterator.forEachRemaining(Streams.java:110)
	at java.util.Spliterator$OfInt.forEachRemaining(Spliterator.java:693)
	at java.util.stream.AbstractPipeline.copyInto(AbstractPipeline.java:481)
	at java.util.stream.AbstractPipeline.wrapAndCopyInto(AbstractPipeline.java:471)
	at java.util.stream.ReduceOps$ReduceOp.evaluateSequential(ReduceOps.java:708)
	at java.util.stream.AbstractPipeline.evaluate(AbstractPipeline.java:234)
	at java.util.stream.ReferencePipeline.reduce(ReferencePipeline.java:479)
	at com.simiacryptus.mindseye.layers.DerivativeTester.test(DerivativeTester.java:75)
	at com.simiacryptus.mindseye.layers.LayerTestBase.lambda$test$6(LayerTestBase.java:84)
	at com.simiacryptus.util.io.NotebookOutput.lambda$code$1(NotebookOutput.java:142)
	at com.simiacryptus.util.io.MarkdownNotebookOutput.lambda$null$1(MarkdownNotebookOutput.java:136)
	at com.simiacryptus.util.lang.TimedResult.time(TimedResult.java:59)
	... 36 more
