java.lang.RuntimeException: java.lang.RuntimeException: java.lang.RuntimeException: com.simiacryptus.mindseye.lang.GpuError: java.util.concurrent.ExecutionException: com.simiacryptus.mindseye.lang.GpuError: Failed executing 1 items
	at com.simiacryptus.util.lang.TimedResult.time(TimedResult.java:61)
	at com.simiacryptus.util.io.MarkdownNotebookOutput.lambda$code$2(MarkdownNotebookOutput.java:138)
	at com.simiacryptus.util.test.SysOutInterceptor.withOutput(SysOutInterceptor.java:72)
	at com.simiacryptus.util.io.MarkdownNotebookOutput.code(MarkdownNotebookOutput.java:136)
	at com.simiacryptus.util.io.NotebookOutput.code(NotebookOutput.java:133)
	at com.simiacryptus.mindseye.test.unit.LearningTester.trainLBFGS(LearningTester.java:324)
	at com.simiacryptus.mindseye.test.unit.LearningTester.testCompleteLearning(LearningTester.java:263)
	at com.simiacryptus.mindseye.test.unit.LearningTester.test(LearningTester.java:416)
	at com.simiacryptus.mindseye.test.unit.LearningTester.test(LearningTester.java:58)
	at com.simiacryptus.mindseye.test.unit.StandardLayerTests.lambda$test$4(StandardLayerTests.java:82)
	at java.util.stream.ForEachOps$ForEachOp$OfRef.accept(ForEachOps.java:184)
	at java.util.stream.ReferencePipeline$2$1.accept(ReferencePipeline.java:175)
	at java.util.ArrayList$ArrayListSpliterator.forEachRemaining(ArrayList.java:1374)
	at java.util.stream.AbstractPipeline.copyInto(AbstractPipeline.java:481)
	at java.util.stream.AbstractPipeline.wrapAndCopyInto(AbstractPipeline.java:471)
	at java.util.stream.ForEachOps$ForEachOp.evaluateSequential(ForEachOps.java:151)
	at java.util.stream.ForEachOps$ForEachOp$OfRef.evaluateSequential(ForEachOps.java:174)
	at java.util.stream.AbstractPipeline.evaluate(AbstractPipeline.java:234)
	at java.util.stream.ReferencePipeline.forEach(ReferencePipeline.java:418)
	at com.simiacryptus.mindseye.test.unit.StandardLayerTests.test(StandardLayerTests.java:81)
	at com.simiacryptus.mindseye.layers.java.ActivationLayerTestBase.test(ActivationLayerTestBase.java:101)
	at com.simiacryptus.mindseye.layers.LayerTestBase.test(LayerTestBase.java:40)
	at sun.reflect.GeneratedMethodAccessor14.invoke(Unknown Source)
	at sun.reflect.DelegatingMethodAccessorImpl.invoke(DelegatingMethodAccessorImpl.java:43)
	at java.lang.reflect.Method.invoke(Method.java:498)
	at org.junit.runners.model.FrameworkMethod$1.runReflectiveCall(FrameworkMethod.java:50)
	at org.junit.internal.runners.model.ReflectiveCallable.run(ReflectiveCallable.java:12)
	at org.junit.runners.model.FrameworkMethod.invokeExplosively(FrameworkMethod.java:47)
	at org.junit.internal.runners.statements.InvokeMethod.evaluate(InvokeMethod.java:17)
	at org.junit.runners.ParentRunner.runLeaf(ParentRunner.java:325)
	at org.junit.runners.BlockJUnit4ClassRunner.runChild(BlockJUnit4ClassRunner.java:78)
	at org.junit.runners.BlockJUnit4ClassRunner.runChild(BlockJUnit4ClassRunner.java:57)
	at org.junit.runners.ParentRunner$3.run(ParentRunner.java:290)
	at org.junit.runners.ParentRunner$1.schedule(ParentRunner.java:71)
	at org.junit.runners.ParentRunner.runChildren(ParentRunner.java:288)
	at org.junit.runners.ParentRunner.access$000(ParentRunner.java:58)
	at org.junit.runners.ParentRunner$2.evaluate(ParentRunner.java:268)
	at org.junit.runners.ParentRunner.run(ParentRunner.java:363)
	at org.junit.runners.Suite.runChild(Suite.java:128)
	at org.junit.runners.Suite.runChild(Suite.java:27)
	at org.junit.runners.ParentRunner$3.run(ParentRunner.java:290)
	at org.junit.runners.ParentRunner$1.schedule(ParentRunner.java:71)
	at org.junit.runners.ParentRunner.runChildren(ParentRunner.java:288)
	at org.junit.runners.ParentRunner.access$000(ParentRunner.java:58)
	at org.junit.runners.ParentRunner$2.evaluate(ParentRunner.java:268)
	at org.junit.runners.ParentRunner.run(ParentRunner.java:363)
	at org.junit.runner.JUnitCore.run(JUnitCore.java:137)
	at com.intellij.junit4.JUnit4IdeaTestRunner.startRunnerWithArgs(JUnit4IdeaTestRunner.java:68)
	at com.intellij.rt.execution.junit.IdeaTestRunner$Repeater.startRunnerWithArgs(IdeaTestRunner.java:47)
	at com.intellij.rt.execution.junit.JUnitStarter.prepareStreamsAndStart(JUnitStarter.java:242)
	at com.intellij.rt.execution.junit.JUnitStarter.main(JUnitStarter.java:70)
Caused by: java.lang.RuntimeException: java.lang.RuntimeException: com.simiacryptus.mindseye.lang.GpuError: java.util.concurrent.ExecutionException: com.simiacryptus.mindseye.lang.GpuError: Failed executing 1 items
	at com.simiacryptus.util.lang.TimedResult.time(TimedResult.java:61)
	at com.simiacryptus.mindseye.opt.IterativeTrainer.run(IterativeTrainer.java:114)
	at com.simiacryptus.mindseye.test.unit.LearningTester.lambda$trainLBFGS$70(LearningTester.java:332)
	at com.simiacryptus.util.io.MarkdownNotebookOutput.lambda$null$1(MarkdownNotebookOutput.java:138)
	at com.simiacryptus.util.lang.TimedResult.time(TimedResult.java:59)
	... 50 more
Caused by: java.lang.RuntimeException: com.simiacryptus.mindseye.lang.GpuError: java.util.concurrent.ExecutionException: com.simiacryptus.mindseye.lang.GpuError: Failed executing 1 items
	at com.simiacryptus.util.lang.TimedResult.time(TimedResult.java:61)
	at com.simiacryptus.mindseye.eval.GpuTrainable.measure(GpuTrainable.java:140)
	at com.simiacryptus.mindseye.eval.GpuTrainable.measure(GpuTrainable.java:180)
	at com.simiacryptus.mindseye.eval.GpuTrainable.measure(GpuTrainable.java:180)
	at com.simiacryptus.mindseye.eval.GpuTrainable.measure(GpuTrainable.java:180)
	at com.simiacryptus.mindseye.eval.GpuTrainable.measure(GpuTrainable.java:125)
	at com.simiacryptus.mindseye.eval.TrainableWrapper.measure(TrainableWrapper.java:45)
	at com.simiacryptus.mindseye.eval.BatchedTrainable.measure(BatchedTrainable.java:80)
	at com.simiacryptus.mindseye.opt.line.SimpleLineSearchCursor.step(SimpleLineSearchCursor.java:80)
	at com.simiacryptus.mindseye.opt.orient.LBFGS$1.step(LBFGS.java:189)
	at com.simiacryptus.mindseye.opt.line.FailsafeLineSearchCursor.step(FailsafeLineSearchCursor.java:55)
	at com.simiacryptus.mindseye.opt.line.ArmijoWolfeSearch.step(ArmijoWolfeSearch.java:85)
	at com.simiacryptus.mindseye.opt.IterativeTrainer.step(IterativeTrainer.java:164)
	at com.simiacryptus.mindseye.opt.IterativeTrainer.lambda$run$2(IterativeTrainer.java:114)
	at com.simiacryptus.util.lang.TimedResult.time(TimedResult.java:59)
	... 54 more
Caused by: com.simiacryptus.mindseye.lang.GpuError: java.util.concurrent.ExecutionException: com.simiacryptus.mindseye.lang.GpuError: Failed executing 1 items
	at com.simiacryptus.mindseye.layers.cudnn.GpuController.lambda$distribute$6(GpuController.java:163)
	at java.util.stream.ReferencePipeline$3$1.accept(ReferencePipeline.java:193)
	at java.util.ArrayList$ArrayListSpliterator.forEachRemaining(ArrayList.java:1374)
	at java.util.stream.AbstractPipeline.copyInto(AbstractPipeline.java:481)
	at java.util.stream.AbstractPipeline.wrapAndCopyInto(AbstractPipeline.java:471)
	at java.util.stream.ReduceOps$ReduceOp.evaluateSequential(ReduceOps.java:708)
	at java.util.stream.AbstractPipeline.evaluate(AbstractPipeline.java:234)
	at java.util.stream.ReferencePipeline.reduce(ReferencePipeline.java:479)
	at com.simiacryptus.mindseye.layers.cudnn.GpuController.distribute(GpuController.java:165)
	at com.simiacryptus.mindseye.eval.GpuTrainable.lambda$measure$6(GpuTrainable.java:140)
	at com.simiacryptus.util.lang.TimedResult.time(TimedResult.java:59)
	... 68 more
Caused by: java.util.concurrent.ExecutionException: com.simiacryptus.mindseye.lang.GpuError: Failed executing 1 items
	at java.util.concurrent.FutureTask.report(FutureTask.java:122)
	at java.util.concurrent.FutureTask.get(FutureTask.java:192)
	at com.simiacryptus.mindseye.layers.cudnn.GpuController.lambda$distribute$6(GpuController.java:157)
	... 78 more
Caused by: com.simiacryptus.mindseye.lang.GpuError: Failed executing 1 items
	at com.simiacryptus.mindseye.layers.cudnn.GpuController.evaluate(GpuController.java:197)
	at com.simiacryptus.mindseye.layers.cudnn.GpuController.lambda$distribute$5(GpuController.java:145)
	at java.util.concurrent.FutureTask.run(FutureTask.java:266)
	at java.util.concurrent.ThreadPoolExecutor.runWorker(ThreadPoolExecutor.java:1149)
	at java.util.concurrent.ThreadPoolExecutor$Worker.run(ThreadPoolExecutor.java:624)
	at java.lang.Thread.run(Thread.java:748)
Caused by: java.lang.AssertionError
	at com.simiacryptus.mindseye.eval.GpuTrainable.lambda$eval$11(GpuTrainable.java:204)
	at com.simiacryptus.util.lang.TimedResult.time(TimedResult.java:59)
	at com.simiacryptus.mindseye.eval.GpuTrainable.eval(GpuTrainable.java:198)
	at com.simiacryptus.mindseye.eval.GpuTrainable.lambda$null$4(GpuTrainable.java:141)
	at com.simiacryptus.mindseye.layers.cudnn.GpuController.lambda$evaluate$7(GpuController.java:184)
	at java.util.stream.ReferencePipeline$3$1.accept(ReferencePipeline.java:193)
	at java.util.Spliterators$ArraySpliterator.forEachRemaining(Spliterators.java:948)
	at java.util.stream.AbstractPipeline.copyInto(AbstractPipeline.java:481)
	at java.util.stream.AbstractPipeline.wrapAndCopyInto(AbstractPipeline.java:471)
	at java.util.stream.ReduceOps$ReduceOp.evaluateSequential(ReduceOps.java:708)
	at java.util.stream.AbstractPipeline.evaluate(AbstractPipeline.java:234)
	at java.util.stream.ReferencePipeline.reduce(ReferencePipeline.java:479)
	at com.simiacryptus.mindseye.layers.cudnn.GpuController.evaluate(GpuController.java:184)
	... 5 more
